生成启动时间为 2022/3/29 22:29:07。
     1>项目“C:\Users\15935\Desktop\111\111\111.vcxproj”在节点 2 上(build 个目标)。
     1>InitializeBuildStatus:
         正在创建“Debug\111.unsuccessfulbuild”，因为已指定“AlwaysCreate”。
       ClCompile:
         所有输出均为最新。
         D:\MyEOfNew\software\visual studio2010\VC\bin\CL.exe /c /ZI /nologo /W3 /WX- /Od /Oy- /D WIN32 /D _WINDOWS /D _DEBUG /D _UNICODE /D UNICODE /D _AFXDLL /Gm /EHsc /RTC1 /MDd /GS /fp:precise /Zc:wchar_t /Zc:forScope /Yu"StdAfx.h" /Fp"Debug\111.pch" /Fo"Debug\\" /Fd"Debug\vc100.pdb" /Gd /TP /analyze- /errorReport:prompt 111View.cpp
         111View.cpp
       ResourceCompile:
         所有输出均为最新。
       ManifestResourceCompile:
         所有输出均为最新。
       Link:
         D:\MyEOfNew\software\visual studio2010\VC\bin\link.exe /ERRORREPORT:PROMPT /OUT:"C:\Users\15935\Desktop\111\Debug\111.exe" /INCREMENTAL /NOLOGO /MANIFEST /ManifestFile:"Debug\111.exe.intermediate.manifest" /MANIFESTUAC:"level='asInvoker' uiAccess='false'" /DEBUG /PDB:"C:\Users\15935\Desktop\111\Debug\111.pdb" /SUBSYSTEM:WINDOWS /TLBID:1 /ENTRY:"wWinMainCRTStartup" /DYNAMICBASE /NXCOMPAT /IMPLIB:"C:\Users\15935\Desktop\111\Debug\111.lib" /MACHINE:X86 Debug\111.res
         Debug\111.exe.embed.manifest.res
         Debug\111.obj
         Debug\111Doc.obj
         Debug\111View.obj
         Debug\MainFrm.obj
         Debug\stdafx.obj
       Manifest:
         C:\Program Files (x86)\Microsoft SDKs\Windows\v7.0A\bin\mt.exe /nologo /verbose /out:"Debug\111.exe.embed.manifest" /manifest Debug\111.exe.intermediate.manifest "D:\MyEOfNew\software\visual studio2010\VC\Include\Manifest\dpiaware.manifest"
         所有输出均为最新。
       LinkEmbedManifest:
         所有输出均为最新。
         111.vcxproj -> C:\Users\15935\Desktop\111\Debug\111.exe
       FinalizeBuildStatus:
         正在删除文件“Debug\111.unsuccessfulbuild”。
         正在对“Debug\111.lastbuildstate”执行 Touch 任务。
     1>已完成生成项目“C:\Users\15935\Desktop\111\111\111.vcxproj”(build 个目标)的操作。

生成成功。

已用时间 00:00:00.84
