生成启动时间为 2022/5/17 0:20:17。
     1>项目“C:\Users\15935\Desktop\22\22\22.vcxproj”在节点 2 上(build 个目标)。
     1>InitializeBuildStatus:
         正在创建“Debug\22.unsuccessfulbuild”，因为已指定“AlwaysCreate”。
       ClCompile:
         所有输出均为最新。
         所有输出均为最新。
       ResourceCompile:
         C:\Program Files (x86)\Microsoft SDKs\Windows\v7.0A\bin\rc.exe /D _DEBUG /D _UNICODE /D UNICODE /D _AFXDLL /l"0x0804" /IDebug\ /nologo /fo"Debug\22.res" 22.rc 
       ManifestResourceCompile:
         所有输出均为最新。
       Link:
         D:\MyEOfNew\software\visual studio2010\VC\bin\link.exe /ERRORREPORT:PROMPT /OUT:"C:\Users\15935\Desktop\22\Debug\22.exe" /INCREMENTAL /NOLOGO /MANIFEST /ManifestFile:"Debug\22.exe.intermediate.manifest" /MANIFESTUAC:"level='asInvoker' uiAccess='false'" /DEBUG /PDB:"C:\Users\15935\Desktop\22\Debug\22.pdb" /SUBSYSTEM:WINDOWS /TLBID:1 /ENTRY:"wWinMainCRTStartup" /DYNAMICBASE /NXCOMPAT /IMPLIB:"C:\Users\15935\Desktop\22\Debug\22.lib" /MACHINE:X86 Debug\22.res
         Debug\22.exe.embed.manifest.res
         Debug\22.obj
         Debug\22Doc.obj
         Debug\22View.obj
         Debug\MainFrm.obj
         Debug\MyDialog.obj
         Debug\stdafx.obj
       Manifest:
         C:\Program Files (x86)\Microsoft SDKs\Windows\v7.0A\bin\mt.exe /nologo /verbose /out:"Debug\22.exe.embed.manifest" /manifest Debug\22.exe.intermediate.manifest "D:\MyEOfNew\software\visual studio2010\VC\Include\Manifest\dpiaware.manifest"
         所有输出均为最新。
       LinkEmbedManifest:
         所有输出均为最新。
         22.vcxproj -> C:\Users\15935\Desktop\22\Debug\22.exe
       FinalizeBuildStatus:
         正在删除文件“Debug\22.unsuccessfulbuild”。
         正在对“Debug\22.lastbuildstate”执行 Touch 任务。
     1>已完成生成项目“C:\Users\15935\Desktop\22\22\22.vcxproj”(build 个目标)的操作。

生成成功。

已用时间 00:00:00.41
