生成启动时间为 2022/6/11 15:44:07。
     1>项目“D:\MyEOfNew\4th term\2-1 可视化\2012030_黄丹禹_作业2\111\111\111.vcxproj”在节点 2 上(build 个目标)。
     1>InitializeBuildStatus:
         正在创建“Debug\111.unsuccessfulbuild”，因为已指定“AlwaysCreate”。
       ClCompile:
         所有输出均为最新。
         所有输出均为最新。
       ResourceCompile:
         所有输出均为最新。
       ManifestResourceCompile:
         所有输出均为最新。
       Link:
         所有输出均为最新。
       Manifest:
         C:\Program Files (x86)\Microsoft SDKs\Windows\v7.0A\bin\mt.exe /nologo /verbose /out:"Debug\111.exe.embed.manifest" /manifest Debug\111.exe.intermediate.manifest "D:\MyEOfNew\software\visual studio2010\VC\Include\Manifest\dpiaware.manifest"
         所有输出均为最新。
       FinalizeBuildStatus:
         正在删除文件“Debug\111.unsuccessfulbuild”。
         正在对“Debug\111.lastbuildstate”执行 Touch 任务。
     1>已完成生成项目“D:\MyEOfNew\4th term\2-1 可视化\2012030_黄丹禹_作业2\111\111\111.vcxproj”(build 个目标)的操作。

生成成功。

已用时间 00:00:00.09
